c:\users\dell\desktop\ссс+++\1 симак готов к сдачу ооп\lab_06\x64\debug\vc143.pdb
c:\users\dell\desktop\ссс+++\1 симак готов к сдачу ооп\lab_06\x64\debug\vc143.idb
c:\users\dell\desktop\ссс+++\1 симак готов к сдачу ооп\lab_06\x64\debug\vector.obj
c:\users\dell\desktop\ссс+++\1 симак готов к сдачу ооп\lab_06\x64\debug\main.obj
c:\users\dell\desktop\ссс+++\1 симак готов к сдачу ооп\lab_06\x64\debug\iterator.obj
c:\users\dell\desktop\ссс+++\1 симак готов к сдачу ооп\lab_07\x64\debug\vc143.pdb
c:\users\dell\desktop\ссс+++\1 симак готов к сдачу ооп\lab_07\x64\debug\vc143.idb
c:\users\dell\desktop\ссс+++\1 симак готов к сдачу ооп\lab_07\x64\debug\main.obj
c:\users\dell\desktop\ссс+++\1 симак готов к сдачу ооп\lab_07\x64\debug\iterator.obj
c:\users\dell\desktop\ссс+++\1 симак готов к сдачу ооп\lab_07\x64\debug\vector.obj
c:\users\dell\desktop\ссс+++\1 симак готов к сдачу ооп\lab_06\x64\debug\lab_06.exe
c:\users\dell\desktop\ссс+++\1 симак готов к сдачу ооп\lab_06\x64\debug\lab_06.ilk
c:\users\dell\desktop\ссс+++\1 симак готов к сдачу ооп\lab_06\x64\debug\lab_06.pdb
c:\users\dell\desktop\ссс+++\1 симак готов к сдачу ооп\lab_07\x64\debug\main.obj.enc
c:\users\dell\desktop\ссс+++\1 симак готов к сдачу ооп\lab_07\x64\debug\vector.obj.enc
c:\users\dell\desktop\ссс+++\1 симак готов к сдачу ооп\lab_07\x64\debug\lab_06.pdb
c:\users\dell\desktop\ссс+++\1 симак готов к сдачу ооп\lab_07\x64\debug\lab_06.tlog\cl.command.1.tlog
c:\users\dell\desktop\ссс+++\1 симак готов к сдачу ооп\lab_07\x64\debug\lab_06.tlog\cl.read.1.tlog
c:\users\dell\desktop\ссс+++\1 симак готов к сдачу ооп\lab_07\x64\debug\lab_06.tlog\cl.write.1.tlog
c:\users\dell\desktop\ссс+++\1 симак готов к сдачу ооп\lab_07\x64\debug\lab_06.tlog\link-cvtres.read.1.tlog
c:\users\dell\desktop\ссс+++\1 симак готов к сдачу ооп\lab_07\x64\debug\lab_06.tlog\link-cvtres.write.1.tlog
c:\users\dell\desktop\ссс+++\1 симак готов к сдачу ооп\lab_07\x64\debug\lab_06.tlog\link-rc.read.1.tlog
c:\users\dell\desktop\ссс+++\1 симак готов к сдачу ооп\lab_07\x64\debug\lab_06.tlog\link-rc.write.1.tlog
c:\users\dell\desktop\ссс+++\1 симак готов к сдачу ооп\lab_07\x64\debug\lab_06.tlog\link.command.1.tlog
c:\users\dell\desktop\ссс+++\1 симак готов к сдачу ооп\lab_07\x64\debug\lab_06.tlog\link.read.1.tlog
c:\users\dell\desktop\ссс+++\1 симак готов к сдачу ооп\lab_07\x64\debug\lab_06.tlog\link.read.2.tlog
c:\users\dell\desktop\ссс+++\1 симак готов к сдачу ооп\lab_07\x64\debug\lab_06.tlog\link.write.1.tlog
